[18:00:49] [main/INFO]: Loading Minecraft 1.21.1 with Fabric Loader 0.19.3
[18:00:49] [main/INFO]: Loading 110 mods:
	- betterf3 11.0.3
	- c2me 0.4.0-alpha.0.19+1.21.1
	   |-- c2me-base 0.4.0-alpha.0.19+1.21.1
	   |-- c2me-client-uncapvd 0.4.0-alpha.0.19+1.21.1
	   |-- c2me-fixes-chunkio-threading-issues 0.4.0-alpha.0.19+1.21.1
	   |-- c2me-fixes-general-threading-issues 0.4.0-alpha.0.19+1.21.1
	   |-- c2me-fixes-worldgen-threading-issues 0.4.0-alpha.0.19+1.21.1
	   |-- c2me-fixes-worldgen-vanilla-bugs 0.4.0-alpha.0.19+1.21.1
	   |-- c2me-notickvd 0.4.0-alpha.0.19+1.21.1
	   |-- c2me-opts-allocs 0.4.0-alpha.0.19+1.21.1
	   |-- c2me-opts-chunkio 0.4.0-alpha.0.19+1.21.1
	   |-- c2me-opts-dfc 0.4.0-alpha.0.19+1.21.1
	   |-- c2me-opts-math 0.4.0-alpha.0.19+1.21.1
	   |-- c2me-opts-natives-math 0.4.0-alpha.0.19+1.21.1
	   |-- c2me-opts-scheduling 0.4.0-alpha.0.19+1.21.1
	   |-- c2me-opts-worldgen-general 0.4.0-alpha.0.19+1.21.1
	   |-- c2me-opts-worldgen-vanilla 0.4.0-alpha.0.19+1.21.1
	   |-- c2me-rewrites-chunk-system 0.4.0-alpha.0.19+1.21.1
	   |-- c2me-rewrites-chunkio 0.4.0-alpha.0.19+1.21.1
	   |-- c2me-server-utils 0.4.0-alpha.0.19+1.21.1
	   |-- c2me-threading-lighting 0.4.0-alpha.0.19+1.21.1
	   |-- com_electronwill_night-config_core 3.6.5
	   |-- com_electronwill_night-config_toml 3.6.5
	   |-- com_github_ben-manes_caffeine_caffeine 3.2.1
	   |-- com_ibm_async_asyncutil 0.1.0
	   |-- com_ishland_c2me_tests_tests 0.4.0-alpha.0.19
	   |-- io_reactivex_rxjava3_rxjava 3.1.12
	   |-- mixinsquared 0.3.7-beta.1
	   |-- net_objecthunter_exp4j 0.4.8
	   |-- org_jctools_jctools-core 4.0.5
	   \-- org_reactivestreams_reactive-streams 1.0.4
	- c2me-opts-accel-opencl 0.4.0-alpha.0.19+1.21.1
	   |-- org_apache_commons_commons-compress 1.28.0
	   |-- org_lwjgl_lwjgl 3.3.3
	   |-- org_lwjgl_lwjgl-opencl 3.3.3
	   |-- org_lwjgl_lwjgl-zstd 3.3.3
	   |-- org_lwjgl_lwjgl-zstd_natives-linux 3.3.3
	   |-- org_lwjgl_lwjgl-zstd_natives-windows 3.3.3
	   |-- org_lwjgl_lwjgl_natives-linux 3.3.3
	   |-- org_lwjgl_lwjgl_natives-linux-arm64 3.3.3
	   |-- org_lwjgl_lwjgl_natives-macos 3.3.3
	   |-- org_lwjgl_lwjgl_natives-macos-arm64 3.3.3
	   \-- org_lwjgl_lwjgl_natives-windows 3.3.3
	- chunky 1.4.23
	- cloth-config 15.0.140
	   \-- cloth-basic-math 0.6.1
	- fabric-api 0.116.13+1.21.1
	   |-- fabric-api-base 0.4.42+6573ed8c19
	   |-- fabric-api-lookup-api-v1 1.6.72+7b3d111d19
	   |-- fabric-biome-api-v1 13.0.31+d527f9fd19
	   |-- fabric-block-api-v1 1.1.0+0bc3503219
	   |-- fabric-block-view-api-v2 1.0.11+ebb2264e19
	   |-- fabric-blockrenderlayer-v1 1.1.52+0af3f5a719
	   |-- fabric-client-tags-api-v1 1.1.15+6573ed8c19
	   |-- fabric-command-api-v1 1.2.49+f71b366f19
	   |-- fabric-command-api-v2 2.2.28+6ced4dd919
	   |-- fabric-commands-v0 0.2.66+df3654b319
	   |-- fabric-content-registries-v0 8.0.19+b559734419
	   |-- fabric-convention-tags-v1 2.1.7+7f945d5b19
	   |-- fabric-convention-tags-v2 2.12.0+c3656daa19
	   |-- fabric-crash-report-info-v1 0.2.29+0af3f5a719
	   |-- fabric-data-attachment-api-v1 1.4.7+5b36e0f719
	   |-- fabric-data-generation-api-v1 20.2.38+60a6976219
	   |-- fabric-dimensions-v1 4.0.1+65213ef819
	   |-- fabric-entity-events-v1 1.8.0+2b27e0a419
	   |-- fabric-events-interaction-v0 0.7.14+ba9dae0619
	   |-- fabric-game-rule-api-v1 1.0.53+6ced4dd919
	   |-- fabric-item-api-v1 11.2.0+3b3cb2e819
	   |-- fabric-item-group-api-v1 4.1.7+def88e3a19
	   |-- fabric-key-binding-api-v1 1.0.47+0af3f5a719
	   |-- fabric-keybindings-v0 0.2.45+df3654b319
	   |-- fabric-lifecycle-events-v1 2.6.0+0865547519
	   |-- fabric-loot-api-v2 3.0.15+3f89f5a519
	   |-- fabric-loot-api-v3 1.0.3+3f89f5a519
	   |-- fabric-message-api-v1 6.0.14+8aaf3aca19
	   |-- fabric-model-loading-api-v1 2.1.0+b4d813fc19
	   |-- fabric-networking-api-v1 4.3.1+d30f6a7919
	   |-- fabric-object-builder-api-v1 15.2.1+40875a9319
	   |-- fabric-particles-v1 4.0.2+6573ed8c19
	   |-- fabric-recipe-api-v1 5.0.16+2475392c19
	   |-- fabric-registry-sync-v0 5.3.2+e3eddc2119
	   |-- fabric-renderer-api-v1 3.4.1+b4d813fc19
	   |-- fabric-renderer-indigo 1.7.1+c705a49c19
	   |-- fabric-renderer-registries-v1 3.2.69+df3654b319
	   |-- fabric-rendering-data-attachment-v1 0.3.49+73761d2e19
	   |-- fabric-rendering-fluids-v1 3.1.6+1daea21519
	   |-- fabric-rendering-v0 1.1.72+df3654b319
	   |-- fabric-rendering-v1 5.1.0+ab4c25a019
	   |-- fabric-resource-conditions-api-v1 4.3.0+8dc279b119
	   |-- fabric-resource-loader-v0 1.3.1+5b5275af19
	   |-- fabric-screen-api-v1 2.0.26+639b4c0719
	   |-- fabric-screen-handler-api-v1 1.3.91+b559734419
	   |-- fabric-sound-api-v1 1.0.23+6573ed8c19
	   |-- fabric-transfer-api-v1 5.4.4+7b3d111d19
	   \-- fabric-transitive-access-wideners-v1 6.2.0+45b9699719
	- fabricloader 0.19.3
	   \-- mixinextras 0.5.4
	- ferritecore 7.0.3
	- flyspeed 1.0.3
	- java 25
	- lithium 0.15.4+mc1.21.1
	- minecraft 1.21.1
	- modernfix 5.25.1+mc1.21.1
	- modmenu 11.0.4
	   \-- placeholder-api 2.4.0-pre.2+1.21
	- resourcefulconfig 3.0.11
	- scalablelux 0.1.0.1+fabric.d0d58ab
	- setblock-fix 1.0.0+1.21.1-fabric
	- structure_layout_optimizer 1.0.12
	- zfastnoise 1.0.13+1.21
[18:00:49] [main/INFO]: SpongePowered MIXIN Subsystem Version=0.8.7 Source=file:/C:/Users/abadrissr64/AppData/Roaming/PrismLauncher/libraries/net/fabricmc/sponge-mixin/0.17.3+mixin.0.8.7/sponge-mixin-0.17.3+mixin.0.8.7.jar Service=Knot/Fabric Env=CLIENT
[18:00:49] [main/INFO]: Compatibility level set to JAVA_17
[18:00:49] [main/INFO]: Compatibility level set to JAVA_21
[18:00:49] [main/INFO]: Initializing com.ishland.c2me.base.mixin
[18:00:49] [main/INFO]: Config threadPoolPriority changed from 4 to 1
[18:00:49] [main/INFO]: Config globalExecutorParallelism changed from 19 to 32
[18:00:49] [main/INFO]: Global Executor Parallelism: 32 configured, 19 evaluated, 19 default evaluated
[18:00:49] [main/INFO]: Initializing com.ishland.c2me.client.uncapvd.mixin
[18:00:49] [main/INFO]: Config clientSideConfig.modifyMaxVDConfig.enabled changed from true to false
[18:00:49] [main/INFO]: Disabling com.ishland.c2me.client.uncapvd.mixin
[18:00:49] [main/INFO]: Initializing com.ishland.c2me.fixes.chunkio.threading_issues.mixin
[18:00:49] [main/INFO]: Initializing com.ishland.c2me.fixes.general.threading_issues.mixin
[18:00:49] [main/INFO]: Initializing com.ishland.c2me.fixes.worldgen.threading_issues.mixin
[18:00:49] [main/INFO]: Initializing com.ishland.c2me.fixes.worldgen.vanilla_bugs.mixin
[18:00:49] [main/INFO]: Initializing com.ishland.c2me.notickvd.mixin
[18:00:49] [main/INFO]: Initializing com.ishland.c2me.opts.accel.opencl.mixin
[18:00:49] [main/INFO]: chunky.maxWorkingCount: 4096
[18:00:49] [main/INFO]: Initializing com.ishland.c2me.opts.allocs.mixin
[18:00:49] [main/INFO]: Initializing com.ishland.c2me.opts.chunkio.mixin
[18:00:49] [main/INFO]: Initializing com.ishland.c2me.opts.dfc.mixin
[18:00:49] [main/INFO]: Initializing com.ishland.c2me.opts.math.mixin
[18:00:49] [main/INFO]: Initializing com.ishland.c2me.opts.natives_math.mixin
[18:00:49] [main/INFO]: Config vanillaWorldGenOptimizations.nativeAcceleration.allowAVX512 changed from false to true
[18:00:49] [main/INFO]: Attempting to call native library. If your game crashes right after this point, native acceleration may not be available for your system.
[18:00:49] [main/INFO]: Detected maximum supported ISA target: AVX512ICL
[18:00:49] [main/INFO]: Initializing com.ishland.c2me.opts.scheduling.mixin
[18:00:49] [main/INFO]: Initializing com.ishland.c2me.opts.worldgen.general.mixin
[18:00:49] [main/INFO]: Initializing com.ishland.c2me.opts.worldgen.vanilla.mixin
[18:00:49] [main/INFO]: Initializing com.ishland.c2me.rewrites.chunksystem.mixin
[18:00:49] [main/INFO]: Initializing com.ishland.c2me.rewrites.chunkio.mixin
[18:00:49] [main/INFO]: Initializing com.ishland.c2me.server.utils.mixin
[18:00:49] [main/INFO]: Initializing com.ishland.c2me.threading.lighting.mixin
[18:00:49] [main/INFO]: Option 'mixin.entity.collisions.fluid' requires 'mixin.util.block_tracking=true' but found 'false'. Setting 'mixin.entity.collisions.fluid=false'.
[18:00:49] [main/INFO]: Option 'mixin.experimental.entity.block_caching.block_support' requires 'mixin.util.block_tracking=true' but found 'false'. Setting 'mixin.experimental.entity.block_caching.block_support=false'.
[18:00:49] [main/INFO]: Option 'mixin.experimental.entity.block_caching.fluid_pushing' requires 'mixin.util.block_tracking=true' but found 'false'. Setting 'mixin.experimental.entity.block_caching.fluid_pushing=false'.
[18:00:49] [main/INFO]: Option 'mixin.experimental.entity.block_caching.block_touching' requires 'mixin.util.block_tracking=true' but found 'false'. Setting 'mixin.experimental.entity.block_caching.block_touching=false'.
[18:00:49] [main/INFO]: Option 'mixin.experimental.entity.block_caching.suffocation' requires 'mixin.util.block_tracking=true' but found 'false'. Setting 'mixin.experimental.entity.block_caching.suffocation=false'.
[18:00:49] [main/INFO]: Option 'mixin.experimental.entity.block_caching' requires 'mixin.util.block_tracking=true' but found 'false'. Setting 'mixin.experimental.entity.block_caching=false'.
[18:00:49] [main/INFO]: Loaded configuration file for Lithium: 150 options available, 0 override(s) found
[18:00:49] [main/INFO]: Loaded configuration file for ModernFix 5.25.1+mc1.21.1: 65 options available, 3 override(s) found
[18:00:49] [main/WARN]: Option 'mixin.bugfix.paper_chunk_patches' overriden (by mods [c2me]) to 'false'
[18:00:49] [main/WARN]: Option 'mixin.perf.cache_strongholds' overriden (by mods [c2me]) to 'false'
[18:00:49] [main/WARN]: Option 'mixin.bugfix.chunk_deadlock' overriden (by mods [c2me]) to 'false'
[18:00:49] [main/INFO]: Applying Nashorn fix
[18:00:49] [main/INFO]: Configuring Minecraft's max.bg.threads option with 29 threads
[18:00:49] [main/WARN]: Error loading class: ca/spottedleaf/starlight/common/integration/v0/ChunkSystemHooks (java.lang.ClassNotFoundException: ca/spottedleaf/starlight/common/integration/v0/ChunkSystemHooks)
[18:00:49] [main/WARN]: @Mixin target ca/spottedleaf/starlight/common/integration/v0/ChunkSystemHooks was not found c2me-rewrites-chunk-system.mixins.json:scalablelux.MixinChunkSystemHooks from mod c2me-rewrites-chunk-system
[18:00:50] [main/INFO]: Initializing MixinExtras via com.llamalad7.mixinextras.service.MixinExtrasServiceImpl(version=0.5.4).
[18:00:50] [Datafixer Bootstrap/INFO]: 226 Datafixer optimizations took 121 milliseconds
[18:00:51] [main/INFO]: Injecting BlockStateBase cache population hook into getOpacityIfCached from ca.spottedleaf.starlight.mixin.common.blockstate.BlockStateBaseMixin
[18:00:51] [main/INFO]: Injecting BlockStateBase cache population hook into isConditionallyFullOpaque from ca.spottedleaf.starlight.mixin.common.blockstate.BlockStateBaseMixin
[18:00:51] [main/WARN]: Method overwrite conflict for method_21740 in modernfix-common.mixins.json:perf.remove_biome_temperature_cache.BiomeMixin from mod modernfix, previously written by net.caffeinemc.mods.lithium.mixin.world.temperature_cache.BiomeMixin. Skipping method.
[18:00:52] [main/INFO]: Vanilla bootstrap took 1343 milliseconds
[18:00:52] [Render thread/INFO]: [STDERR]: [LWJGL] [ThreadLocalUtil] Unsupported JNI version detected, this may result in a crash. Please inform LWJGL developers.
[18:00:52] [Render thread/INFO]: Environment: Environment[sessionHost=https://sessionserver.mojang.com, servicesHost=https://api.minecraftservices.com, name=PROD]
[18:00:52] [Render thread/INFO]: Setting user: 64KB_SDCard
[18:00:52] [Render thread/INFO]: [SetBlockFix] Large Dripstone patch loaded.
[18:00:52] [Render thread/INFO]: Hello Fabric world!
[18:00:52] [Render thread/INFO]: [BetterF3] Loading...
[18:00:52] [Render thread/INFO]: [BetterF3] All done!
[18:00:52] [Render thread/INFO]: [Indigo] Registering Indigo renderer!
[18:00:52] [Render thread/INFO]: Flyspeed Initializing
[18:00:52] [Render thread/INFO]: Flyspeed Initialized Successfully
[18:00:52] [Render thread/INFO]: Backend library: LWJGL version 3.3.3-snapshot
[18:00:53] [Render thread/INFO]: Reloading ResourceManager: vanilla, fabric, betterf3, c2me, chunky, cloth-config, fabric-api, fabric-api-base, fabric-api-lookup-api-v1, fabric-biome-api-v1, fabric-block-api-v1, fabric-block-view-api-v2, fabric-blockrenderlayer-v1, fabric-client-tags-api-v1, fabric-command-api-v1, fabric-command-api-v2, fabric-commands-v0, fabric-content-registries-v0, fabric-convention-tags-v1, fabric-convention-tags-v2, fabric-crash-report-info-v1, fabric-data-attachment-api-v1, fabric-data-generation-api-v1, fabric-dimensions-v1, fabric-entity-events-v1, fabric-events-interaction-v0, fabric-game-rule-api-v1, fabric-item-api-v1, fabric-item-group-api-v1, fabric-key-binding-api-v1, fabric-keybindings-v0, fabric-lifecycle-events-v1, fabric-loot-api-v2, fabric-loot-api-v3, fabric-message-api-v1, fabric-model-loading-api-v1, fabric-networking-api-v1, fabric-object-builder-api-v1, fabric-particles-v1, fabric-recipe-api-v1, fabric-registry-sync-v0, fabric-renderer-api-v1, fabric-renderer-indigo, fabric-renderer-registries-v1, fabric-rendering-data-attachment-v1, fabric-rendering-fluids-v1, fabric-rendering-v0, fabric-rendering-v1, fabric-resource-conditions-api-v1, fabric-resource-loader-v0, fabric-screen-api-v1, fabric-screen-handler-api-v1, fabric-sound-api-v1, fabric-transfer-api-v1, fabric-transitive-access-wideners-v1, fabricloader, flyspeed, lithium, modernfix, modmenu, resourcefulconfig, scalablelux, setblock-fix, structure_layout_optimizer, zfastnoise
[18:00:53] [Worker-ResourceReload-14/INFO]: Found unifont_jp_patch-15.1.05.hex, loading
[18:00:53] [Worker-ResourceReload-15/INFO]: Found unifont_all_no_pua-15.1.05.hex, loading
[18:00:53] [Render thread/WARN]: Missing sound for event: minecraft:item.goat_horn.play
[18:00:53] [Render thread/WARN]: Missing sound for event: minecraft:entity.goat.screaming.horn_break
[18:00:53] [Render thread/INFO]: OpenAL initialized on device OpenAL Soft on Headset (EarPods)
[18:00:53] [Render thread/INFO]: Sound engine started
[18:00:53] [Render thread/INFO]: Created: 1024x512x4 minecraft:textures/atlas/blocks.png-atlas
[18:00:53] [Render thread/INFO]: Created: 256x256x4 minecraft:textures/atlas/signs.png-atlas
[18:00:53] [Render thread/INFO]: Created: 512x512x4 minecraft:textures/atlas/banner_patterns.png-atlas
[18:00:53] [Render thread/INFO]: Created: 512x512x4 minecraft:textures/atlas/shield_patterns.png-atlas
[18:00:53] [Render thread/INFO]: Created: 1024x1024x4 minecraft:textures/atlas/armor_trims.png-atlas
[18:00:53] [Render thread/INFO]: Created: 256x256x4 minecraft:textures/atlas/chest.png-atlas
[18:00:53] [Render thread/INFO]: Created: 128x64x4 minecraft:textures/atlas/decorated_pot.png-atlas
[18:00:53] [Render thread/INFO]: Created: 512x256x4 minecraft:textures/atlas/beds.png-atlas
[18:00:53] [Render thread/INFO]: Created: 512x256x4 minecraft:textures/atlas/shulker_boxes.png-atlas
[18:00:53] [Render thread/INFO]: Created: 512x256x0 minecraft:textures/atlas/particles.png-atlas
[18:00:53] [Render thread/INFO]: Created: 512x256x0 minecraft:textures/atlas/paintings.png-atlas
[18:00:53] [Render thread/INFO]: Created: 256x128x0 minecraft:textures/atlas/mob_effects.png-atlas
[18:00:53] [Render thread/INFO]: Created: 64x64x0 minecraft:textures/atlas/map_decorations.png-atlas
[18:00:53] [Render thread/INFO]: Created: 1024x1024x0 minecraft:textures/atlas/gui.png-atlas
[18:00:53] [Render thread/WARN]: Shader rendertype_entity_translucent_emissive could not find sampler named Sampler2 in the specified shader program.
[18:00:55] [Render thread/WARN]: Game took 7.862 seconds to start
[18:01:37] [Render thread/INFO]: Loaded 1290 recipes
[18:01:37] [Render thread/INFO]: Loaded 1399 advancements
[18:01:37] [Render thread/WARN]: Initial datapack load took 432.8 ms
[18:01:45] [Render thread/INFO]: Applied 0 biome modifications to 0 of 64 new biomes in 543.6 μs
[18:01:45] [Server thread/INFO]: Indexed 0 shader cache entries in 63.60 μs
[18:01:45] [Server thread/INFO]: Found OpenCL platform NVIDIA CUDA version OpenCL 3.0 CUDA 13.2.73
[18:01:45] [Server thread/INFO]: Found OpenCL device (NVIDIA GeForce RTX 4080 SUPER) version (OpenCL 3.0 CUDA)
[18:01:45] [Server thread/INFO]: Device UUID: aa115117-7599-6792-c7c3-8b16708567f2
[18:01:45] [Server thread/INFO]: Driver UUID: aa115117-7599-6792-c7c3-8b16708567f2
[18:01:45] [Server thread/WARN]: One or more workarounds have been applied to prevent crashes or other issues on OpenCL Device NVIDIA GeForce RTX 4080 SUPER (aa115117-7599-6792-c7c3-8b16708567f2):
[18:01:45] [Server thread/WARN]: [NVIDIA_INCOMPLETE_CL30_IMPLEMENTATION]
[18:01:45] [Server thread/WARN]: This is not necessarily an issue, but it may disable certain features or optimizations.
[18:01:45] [Server thread/INFO]: Initializing OpenCL Device NVIDIA GeForce RTX 4080 SUPER (aa115117-7599-6792-c7c3-8b16708567f2)
[18:01:46] [c2me-cldev-0-OpenCL_Device_NVIDIA_GeForce_RTX_4080_SUPER__aa115117_7599_6792_c7c3_8b16708567f2_/WARN]: Device OpenCL Device NVIDIA GeForce RTX 4080 SUPER (aa115117-7599-6792-c7c3-8b16708567f2) does not support non-uniform workgroups, performance may be slightly impacted
[18:01:46] [c2me-cldev-0-OpenCL_Device_NVIDIA_GeForce_RTX_4080_SUPER__aa115117_7599_6792_c7c3_8b16708567f2_/WARN]: cl_khr_priority_hints is not supported on OpenCL Device NVIDIA GeForce RTX 4080 SUPER (aa115117-7599-6792-c7c3-8b16708567f2)
[18:01:46] [c2me-cldev-0-OpenCL_Device_NVIDIA_GeForce_RTX_4080_SUPER__aa115117_7599_6792_c7c3_8b16708567f2_/WARN]: cl_khr_throttle_hints is not supported on OpenCL Device NVIDIA GeForce RTX 4080 SUPER (aa115117-7599-6792-c7c3-8b16708567f2)
[18:01:46] [Server thread/INFO]: Starting integrated minecraft server version 1.21.1
[18:01:46] [Server thread/INFO]: Generating keypair
[18:01:46] [Server thread/INFO]: Enforcing safe world random access
[18:01:46] [Server thread/INFO]: [STDOUT]: Density function compilation finished in 190.3 ms
[18:01:46] [Server thread/INFO]: OpenCL codegen for world minecraft:overworld finished in 97.72 ms
[18:01:46] [Server thread/INFO]: Source size: 337409 bytes, const_data size: 494928 bytes
[18:01:46] [Server thread/INFO]: Compiling program for minecraft:overworld for device OpenCL Device NVIDIA GeForce RTX 4080 SUPER (aa115117-7599-6792-c7c3-8b16708567f2)
[18:01:46] [c2me-clc-0/INFO]: Shader sha256sum: 8923979200b204dd415e234db66884e309b140a07bc4a3c34ed4fad1f0b72448
[18:01:46] [c2me-clc-0/INFO]: Compiling program ESTIMATE_SURFACE_HEIGHT for minecraft:overworld for device OpenCL Device NVIDIA GeForce RTX 4080 SUPER (aa115117-7599-6792-c7c3-8b16708567f2) (1/7)
[18:01:46] [Server thread/INFO]: Using TheSpeedyObjectFactory with Unsafe
[18:01:46] [c2me-clc-0/INFO]: Invoking compiler for device OpenCL Device NVIDIA GeForce RTX 4080 SUPER (aa115117-7599-6792-c7c3-8b16708567f2) with options: -cl-std=CL1.2 -cl-fp32-correctly-rounded-divide-sqrt -cl-kernel-arg-info -cl-nv-opt-level=1 -cl-nv-verbose -nv-use-200772613 -D DF_COMPILE_ESTIMATE_SURFACE_HEIGHT=1  -D BIOME_SEARCH_TREE_MAX_DEPTH=6 
[18:01:46] [c2me-clc-0/INFO]: Compiling program AQUIFER_PREFILL for minecraft:overworld for device OpenCL Device NVIDIA GeForce RTX 4080 SUPER (aa115117-7599-6792-c7c3-8b16708567f2) (2/7)
[18:01:46] [c2me-clc-0/INFO]: Invoking compiler for device OpenCL Device NVIDIA GeForce RTX 4080 SUPER (aa115117-7599-6792-c7c3-8b16708567f2) with options: -cl-std=CL1.2 -cl-fp32-correctly-rounded-divide-sqrt -cl-kernel-arg-info -cl-nv-opt-level=1 -cl-nv-verbose -nv-use-200772613 -D DF_COMPILE_AQUIFER_PREFILL=1  -D BIOME_SEARCH_TREE_MAX_DEPTH=6 
[18:01:46] [c2me-clc-0/INFO]: Compiling program NOISE_KERNEL for minecraft:overworld for device OpenCL Device NVIDIA GeForce RTX 4080 SUPER (aa115117-7599-6792-c7c3-8b16708567f2) (3/7)
[18:01:46] [c2me-clc-0/INFO]: Invoking compiler for device OpenCL Device NVIDIA GeForce RTX 4080 SUPER (aa115117-7599-6792-c7c3-8b16708567f2) with options: -cl-std=CL1.2 -cl-fp32-correctly-rounded-divide-sqrt -cl-kernel-arg-info -cl-nv-opt-level=1 -cl-nv-verbose -nv-use-200772613 -D DF_COMPILE_NOISE_KERNEL=1  -D BIOME_SEARCH_TREE_MAX_DEPTH=6 
[18:01:46] [c2me-clc-0/INFO]: Compiling program FLAT_CACHE_PREFILL for minecraft:overworld for device OpenCL Device NVIDIA GeForce RTX 4080 SUPER (aa115117-7599-6792-c7c3-8b16708567f2) (4/7)
[18:01:46] [c2me-clc-0/INFO]: Invoking compiler for device OpenCL Device NVIDIA GeForce RTX 4080 SUPER (aa115117-7599-6792-c7c3-8b16708567f2) with options: -cl-std=CL1.2 -cl-fp32-correctly-rounded-divide-sqrt -cl-kernel-arg-info -cl-nv-opt-level=1 -cl-nv-verbose -nv-use-200772613 -D DF_COMPILE_FLAT_CACHE_PREFILL=1  -D BIOME_SEARCH_TREE_MAX_DEPTH=6 
[18:01:46] [c2me-clc-0/INFO]: Compiling program CACHE2D_PREFILL for minecraft:overworld for device OpenCL Device NVIDIA GeForce RTX 4080 SUPER (aa115117-7599-6792-c7c3-8b16708567f2) (5/7)
[18:01:46] [c2me-clc-0/INFO]: Invoking compiler for device OpenCL Device NVIDIA GeForce RTX 4080 SUPER (aa115117-7599-6792-c7c3-8b16708567f2) with options: -cl-std=CL1.2 -cl-fp32-correctly-rounded-divide-sqrt -cl-kernel-arg-info -cl-nv-opt-level=1 -cl-nv-verbose -nv-use-200772613 -D DF_COMPILE_CACHE2D_PREFILL=1  -D BIOME_SEARCH_TREE_MAX_DEPTH=6 
[18:01:46] [c2me-clc-0/INFO]: Compiling program INTERPOLATOR_PREFILL for minecraft:overworld for device OpenCL Device NVIDIA GeForce RTX 4080 SUPER (aa115117-7599-6792-c7c3-8b16708567f2) (6/7)
[18:01:46] [c2me-clc-0/INFO]: Invoking compiler for device OpenCL Device NVIDIA GeForce RTX 4080 SUPER (aa115117-7599-6792-c7c3-8b16708567f2) with options: -cl-std=CL1.2 -cl-fp32-correctly-rounded-divide-sqrt -cl-kernel-arg-info -cl-nv-opt-level=1 -cl-nv-verbose -nv-use-200772613 -D DF_COMPILE_INTERPOLATOR_PREFILL=1  -D BIOME_SEARCH_TREE_MAX_DEPTH=6 
[18:01:46] [c2me-clc-0/INFO]: Compiling program BIOME_MULTINOISE_KERNEL for minecraft:overworld for device OpenCL Device NVIDIA GeForce RTX 4080 SUPER (aa115117-7599-6792-c7c3-8b16708567f2) (7/7)
[18:01:46] [c2me-clc-0/INFO]: Invoking compiler for device OpenCL Device NVIDIA GeForce RTX 4080 SUPER (aa115117-7599-6792-c7c3-8b16708567f2) with options: -cl-std=CL1.2 -cl-fp32-correctly-rounded-divide-sqrt -cl-kernel-arg-info -cl-nv-opt-level=1 -cl-nv-verbose -nv-use-200772613 -D DF_COMPILE_BIOME_MULTINOISE_KERNEL=1  -D BIOME_SEARCH_TREE_MAX_DEPTH=6 
[18:01:46] [c2me-clc-0/INFO]: Compiled program for minecraft:overworld for device OpenCL Device NVIDIA GeForce RTX 4080 SUPER (aa115117-7599-6792-c7c3-8b16708567f2)
[18:01:46] [Server thread/INFO]: [STDOUT]: [ScalableLux] Lighting scaling is enabled in externally managed mode
[18:01:46] [c2me-worker-12/INFO]: Binding to FastCopyBufferDataIntoChunks.copyData
[18:01:47] [Server thread/INFO]: [STDOUT]: Density function compilation finished in 19.90 ms
[18:01:47] [Server thread/INFO]: OpenCL codegen for world minecraft:the_nether finished in 2.832 ms
[18:01:47] [Server thread/INFO]: Source size: 111799 bytes, const_data size: 100944 bytes
[18:01:47] [Server thread/INFO]: Compiling program for minecraft:the_nether for device OpenCL Device NVIDIA GeForce RTX 4080 SUPER (aa115117-7599-6792-c7c3-8b16708567f2)
[18:01:47] [c2me-clc-0/INFO]: Shader sha256sum: 3664dde8b28c779ed6a2da5acb6a044d7dcb4270fc7229286b8705d3a9927e96
[18:01:47] [c2me-clc-0/INFO]: Compiling program ESTIMATE_SURFACE_HEIGHT for minecraft:the_nether for device OpenCL Device NVIDIA GeForce RTX 4080 SUPER (aa115117-7599-6792-c7c3-8b16708567f2) (1/7)
[18:01:47] [c2me-clc-0/INFO]: Invoking compiler for device OpenCL Device NVIDIA GeForce RTX 4080 SUPER (aa115117-7599-6792-c7c3-8b16708567f2) with options: -cl-std=CL1.2 -cl-fp32-correctly-rounded-divide-sqrt -cl-kernel-arg-info -cl-nv-opt-level=1 -cl-nv-verbose -nv-use-200772613 -D DF_COMPILE_ESTIMATE_SURFACE_HEIGHT=1  -D BIOME_SEARCH_TREE_MAX_DEPTH=2 
[18:01:47] [c2me-clc-0/INFO]: Compiling program AQUIFER_PREFILL for minecraft:the_nether for device OpenCL Device NVIDIA GeForce RTX 4080 SUPER (aa115117-7599-6792-c7c3-8b16708567f2) (2/7)
[18:01:47] [c2me-clc-0/INFO]: Invoking compiler for device OpenCL Device NVIDIA GeForce RTX 4080 SUPER (aa115117-7599-6792-c7c3-8b16708567f2) with options: -cl-std=CL1.2 -cl-fp32-correctly-rounded-divide-sqrt -cl-kernel-arg-info -cl-nv-opt-level=1 -cl-nv-verbose -nv-use-200772613 -D DF_COMPILE_AQUIFER_PREFILL=1  -D BIOME_SEARCH_TREE_MAX_DEPTH=2 
[18:01:47] [c2me-clc-0/INFO]: Compiling program NOISE_KERNEL for minecraft:the_nether for device OpenCL Device NVIDIA GeForce RTX 4080 SUPER (aa115117-7599-6792-c7c3-8b16708567f2) (3/7)
[18:01:47] [c2me-clc-0/INFO]: Invoking compiler for device OpenCL Device NVIDIA GeForce RTX 4080 SUPER (aa115117-7599-6792-c7c3-8b16708567f2) with options: -cl-std=CL1.2 -cl-fp32-correctly-rounded-divide-sqrt -cl-kernel-arg-info -cl-nv-opt-level=1 -cl-nv-verbose -nv-use-200772613 -D DF_COMPILE_NOISE_KERNEL=1  -D BIOME_SEARCH_TREE_MAX_DEPTH=2 
[18:01:47] [Server thread/INFO]: [STDOUT]: Density function compilation finished in 7.433 ms
[18:01:47] [Server thread/INFO]: OpenCL codegen for world minecraft:the_end finished in 2.166 ms
[18:01:47] [Server thread/INFO]: Source size: 108031 bytes, const_data size: 99728 bytes
[18:01:47] [Server thread/INFO]: Compiling program for minecraft:the_end for device OpenCL Device NVIDIA GeForce RTX 4080 SUPER (aa115117-7599-6792-c7c3-8b16708567f2)
[18:01:47] [c2me-clc-0/INFO]: Compiling program FLAT_CACHE_PREFILL for minecraft:the_nether for device OpenCL Device NVIDIA GeForce RTX 4080 SUPER (aa115117-7599-6792-c7c3-8b16708567f2) (4/7)
[18:01:47] [c2me-clc-0/INFO]: Invoking compiler for device OpenCL Device NVIDIA GeForce RTX 4080 SUPER (aa115117-7599-6792-c7c3-8b16708567f2) with options: -cl-std=CL1.2 -cl-fp32-correctly-rounded-divide-sqrt -cl-kernel-arg-info -cl-nv-opt-level=1 -cl-nv-verbose -nv-use-200772613 -D DF_COMPILE_FLAT_CACHE_PREFILL=1  -D BIOME_SEARCH_TREE_MAX_DEPTH=2 
[18:01:47] [c2me-clc-0/INFO]: Compiling program CACHE2D_PREFILL for minecraft:the_nether for device OpenCL Device NVIDIA GeForce RTX 4080 SUPER (aa115117-7599-6792-c7c3-8b16708567f2) (5/7)
[18:01:47] [c2me-clc-0/INFO]: Invoking compiler for device OpenCL Device NVIDIA GeForce RTX 4080 SUPER (aa115117-7599-6792-c7c3-8b16708567f2) with options: -cl-std=CL1.2 -cl-fp32-correctly-rounded-divide-sqrt -cl-kernel-arg-info -cl-nv-opt-level=1 -cl-nv-verbose -nv-use-200772613 -D DF_COMPILE_CACHE2D_PREFILL=1  -D BIOME_SEARCH_TREE_MAX_DEPTH=2 
[18:01:47] [Server thread/INFO]: Preparing start region for dimension minecraft:overworld
[18:01:47] [c2me-clc-0/INFO]: Compiling program INTERPOLATOR_PREFILL for minecraft:the_nether for device OpenCL Device NVIDIA GeForce RTX 4080 SUPER (aa115117-7599-6792-c7c3-8b16708567f2) (6/7)
[18:01:47] [c2me-clc-0/INFO]: Invoking compiler for device OpenCL Device NVIDIA GeForce RTX 4080 SUPER (aa115117-7599-6792-c7c3-8b16708567f2) with options: -cl-std=CL1.2 -cl-fp32-correctly-rounded-divide-sqrt -cl-kernel-arg-info -cl-nv-opt-level=1 -cl-nv-verbose -nv-use-200772613 -D DF_COMPILE_INTERPOLATOR_PREFILL=1  -D BIOME_SEARCH_TREE_MAX_DEPTH=2 
[18:01:47] [c2me-clc-0/INFO]: Compiling program BIOME_MULTINOISE_KERNEL for minecraft:the_nether for device OpenCL Device NVIDIA GeForce RTX 4080 SUPER (aa115117-7599-6792-c7c3-8b16708567f2) (7/7)
[18:01:47] [c2me-clc-0/INFO]: Invoking compiler for device OpenCL Device NVIDIA GeForce RTX 4080 SUPER (aa115117-7599-6792-c7c3-8b16708567f2) with options: -cl-std=CL1.2 -cl-fp32-correctly-rounded-divide-sqrt -cl-kernel-arg-info -cl-nv-opt-level=1 -cl-nv-verbose -nv-use-200772613 -D DF_COMPILE_BIOME_MULTINOISE_KERNEL=1  -D BIOME_SEARCH_TREE_MAX_DEPTH=2 
[18:01:47] [c2me-clc-0/INFO]: Compiled program for minecraft:the_nether for device OpenCL Device NVIDIA GeForce RTX 4080 SUPER (aa115117-7599-6792-c7c3-8b16708567f2)
[18:01:47] [c2me-clc-0/INFO]: Shader sha256sum: 7bbbeaf653b12c20d86ead7c77427a71c2741d4ac30e3b6bbeb7a16b4fa8595d
[18:01:47] [c2me-clc-0/INFO]: Compiling program ESTIMATE_SURFACE_HEIGHT for minecraft:the_end for device OpenCL Device NVIDIA GeForce RTX 4080 SUPER (aa115117-7599-6792-c7c3-8b16708567f2) (1/7)
[18:01:47] [c2me-clc-0/INFO]: Invoking compiler for device OpenCL Device NVIDIA GeForce RTX 4080 SUPER (aa115117-7599-6792-c7c3-8b16708567f2) with options: -cl-std=CL1.2 -cl-fp32-correctly-rounded-divide-sqrt -cl-kernel-arg-info -cl-nv-opt-level=1 -cl-nv-verbose -nv-use-200772613 -D DF_COMPILE_ESTIMATE_SURFACE_HEIGHT=1  -D BIOME_SEARCH_TREE_MAX_DEPTH=1 
[18:01:47] [c2me-clc-0/INFO]: Compiling program AQUIFER_PREFILL for minecraft:the_end for device OpenCL Device NVIDIA GeForce RTX 4080 SUPER (aa115117-7599-6792-c7c3-8b16708567f2) (2/7)
[18:01:47] [c2me-clc-0/INFO]: Invoking compiler for device OpenCL Device NVIDIA GeForce RTX 4080 SUPER (aa115117-7599-6792-c7c3-8b16708567f2) with options: -cl-std=CL1.2 -cl-fp32-correctly-rounded-divide-sqrt -cl-kernel-arg-info -cl-nv-opt-level=1 -cl-nv-verbose -nv-use-200772613 -D DF_COMPILE_AQUIFER_PREFILL=1  -D BIOME_SEARCH_TREE_MAX_DEPTH=1 
[18:01:47] [Render thread/INFO]: Preparing spawn area: 2%
[18:01:47] [c2me-clc-0/INFO]: Compiling program NOISE_KERNEL for minecraft:the_end for device OpenCL Device NVIDIA GeForce RTX 4080 SUPER (aa115117-7599-6792-c7c3-8b16708567f2) (3/7)
[18:01:47] [c2me-clc-0/INFO]: Invoking compiler for device OpenCL Device NVIDIA GeForce RTX 4080 SUPER (aa115117-7599-6792-c7c3-8b16708567f2) with options: -cl-std=CL1.2 -cl-fp32-correctly-rounded-divide-sqrt -cl-kernel-arg-info -cl-nv-opt-level=1 -cl-nv-verbose -nv-use-200772613 -D DF_COMPILE_NOISE_KERNEL=1  -D BIOME_SEARCH_TREE_MAX_DEPTH=1 
[18:01:47] [c2me-clc-0/INFO]: Compiling program FLAT_CACHE_PREFILL for minecraft:the_end for device OpenCL Device NVIDIA GeForce RTX 4080 SUPER (aa115117-7599-6792-c7c3-8b16708567f2) (4/7)
[18:01:47] [c2me-clc-0/INFO]: Invoking compiler for device OpenCL Device NVIDIA GeForce RTX 4080 SUPER (aa115117-7599-6792-c7c3-8b16708567f2) with options: -cl-std=CL1.2 -cl-fp32-correctly-rounded-divide-sqrt -cl-kernel-arg-info -cl-nv-opt-level=1 -cl-nv-verbose -nv-use-200772613 -D DF_COMPILE_FLAT_CACHE_PREFILL=1  -D BIOME_SEARCH_TREE_MAX_DEPTH=1 
[18:01:47] [c2me-clc-0/INFO]: Compiling program CACHE2D_PREFILL for minecraft:the_end for device OpenCL Device NVIDIA GeForce RTX 4080 SUPER (aa115117-7599-6792-c7c3-8b16708567f2) (5/7)
[18:01:47] [c2me-clc-0/INFO]: Invoking compiler for device OpenCL Device NVIDIA GeForce RTX 4080 SUPER (aa115117-7599-6792-c7c3-8b16708567f2) with options: -cl-std=CL1.2 -cl-fp32-correctly-rounded-divide-sqrt -cl-kernel-arg-info -cl-nv-opt-level=1 -cl-nv-verbose -nv-use-200772613 -D DF_COMPILE_CACHE2D_PREFILL=1  -D BIOME_SEARCH_TREE_MAX_DEPTH=1 
[18:01:47] [c2me-clc-0/INFO]: Compiling program INTERPOLATOR_PREFILL for minecraft:the_end for device OpenCL Device NVIDIA GeForce RTX 4080 SUPER (aa115117-7599-6792-c7c3-8b16708567f2) (6/7)
[18:01:47] [c2me-clc-0/INFO]: Invoking compiler for device OpenCL Device NVIDIA GeForce RTX 4080 SUPER (aa115117-7599-6792-c7c3-8b16708567f2) with options: -cl-std=CL1.2 -cl-fp32-correctly-rounded-divide-sqrt -cl-kernel-arg-info -cl-nv-opt-level=1 -cl-nv-verbose -nv-use-200772613 -D DF_COMPILE_INTERPOLATOR_PREFILL=1  -D BIOME_SEARCH_TREE_MAX_DEPTH=1 
[18:01:47] [c2me-clc-0/INFO]: Compiling program BIOME_MULTINOISE_KERNEL for minecraft:the_end for device OpenCL Device NVIDIA GeForce RTX 4080 SUPER (aa115117-7599-6792-c7c3-8b16708567f2) (7/7)
[18:01:47] [c2me-clc-0/INFO]: Invoking compiler for device OpenCL Device NVIDIA GeForce RTX 4080 SUPER (aa115117-7599-6792-c7c3-8b16708567f2) with options: -cl-std=CL1.2 -cl-fp32-correctly-rounded-divide-sqrt -cl-kernel-arg-info -cl-nv-opt-level=1 -cl-nv-verbose -nv-use-200772613 -D DF_COMPILE_BIOME_MULTINOISE_KERNEL=1  -D BIOME_SEARCH_TREE_MAX_DEPTH=1 
[18:01:47] [c2me-clc-0/INFO]: Compiled program for minecraft:the_end for device OpenCL Device NVIDIA GeForce RTX 4080 SUPER (aa115117-7599-6792-c7c3-8b16708567f2)
[18:01:47] [Render thread/INFO]: Time elapsed: 474 ms
[18:01:47] [Server thread/INFO]: Changing view distance to 32, from 10
[18:01:47] [Server thread/INFO]: Changing simulation distance to 5, from 0
[18:01:48] [Server thread/INFO]: [STDOUT]: Lithium Cached BlockState Flags are disabled!
[18:01:48] [Server thread/INFO]: 64KB_SDCard[local:E:fd482a97] logged in with entity id 5 at (39.5, 70.0, -27.5)
[18:01:48] [Server thread/INFO]: 64KB_SDCard joined the game
[18:01:53] [Render thread/INFO]: Loaded 2 advancements
[18:01:53] [Render thread/WARN]: Time from main menu to in-game was 7.600819 seconds
[18:01:53] [Render thread/WARN]: Total time to load game and open world was 15.462819 seconds
[18:02:02] [Render thread/INFO]: [System] [CHAT] [Chunky] Task started in minecraft:overworld for the square region centered at 0, 0 with radius 2048.
[18:02:02] [Server thread/INFO]: [Chunky] Task running for minecraft:overworld. Processed: 4466 chunks (6.76%), ETA: 0:00:01, Rate: 40972.5 cps, Current: 32, 32
[18:02:03] [Server thread/INFO]: [Chunky] Task running for minecraft:overworld. Processed: 5060 chunks (7.66%), ETA: 0:00:13, Rate: 4558.6 cps, Current: 56, -26
[18:02:04] [Server thread/INFO]: [Chunky] Task running for minecraft:overworld. Processed: 8129 chunks (12.31%), ETA: 0:00:15, Rate: 3825.4 cps, Current: 53, 40
[18:02:05] [Server thread/INFO]: [Chunky] Task running for minecraft:overworld. Processed: 10356 chunks (15.68%), ETA: 0:00:16, Rate: 3312.9 cps, Current: 77, -47
[18:02:06] [Server thread/INFO]: [Chunky] Task running for minecraft:overworld. Processed: 12885 chunks (19.51%), ETA: 0:00:17, Rate: 3115.3 cps, Current: 31, -54
[18:02:07] [Server thread/INFO]: [Chunky] Task running for minecraft:overworld. Processed: 15544 chunks (23.53%), ETA: 0:00:16, Rate: 3015.3 cps, Current: -30, 45
[18:02:08] [Server thread/INFO]: [Chunky] Task running for minecraft:overworld. Processed: 18237 chunks (27.61%), ETA: 0:00:16, Rate: 2961.5 cps, Current: -54, 33
[18:02:09] [Server thread/INFO]: [Chunky] Task running for minecraft:overworld. Processed: 19518 chunks (29.55%), ETA: 0:00:17, Rate: 2712.3 cps, Current: -16, 80
[18:02:10] [Server thread/INFO]: [Chunky] Task running for minecraft:overworld. Processed: 21507 chunks (32.56%), ETA: 0:00:16, Rate: 2623.8 cps, Current: 57, 72
[18:02:11] [Server thread/INFO]: [Chunky] Task running for minecraft:overworld. Processed: 23719 chunks (35.91%), ETA: 0:00:16, Rate: 2578.7 cps, Current: 108, 61
[18:02:12] [Server thread/INFO]: [Chunky] Task running for minecraft:overworld. Processed: 26091 chunks (39.50%), ETA: 0:00:15, Rate: 2558.2 cps, Current: 106, -11
[18:02:13] [Server thread/INFO]: [Chunky] Task running for minecraft:overworld. Processed: 28054 chunks (42.47%), ETA: 0:00:15, Rate: 2504.4 cps, Current: 117, -70
[18:02:14] [Server thread/INFO]: [Chunky] Task running for minecraft:overworld. Processed: 30645 chunks (46.40%), ETA: 0:00:14, Rate: 2505.7 cps, Current: 41, -86
[18:02:15] [Server thread/INFO]: [Chunky] Task running for minecraft:overworld. Processed: 32495 chunks (49.20%), ETA: 0:00:13, Rate: 2456.0 cps, Current: 0, -84
[18:02:17] [Server thread/INFO]: [Chunky] Task running for minecraft:overworld. Processed: 34938 chunks (52.90%), ETA: 0:00:12, Rate: 2420.5 cps, Current: -30, -91
[18:02:18] [Server thread/INFO]: [Chunky] Task running for minecraft:overworld. Processed: 37914 chunks (57.40%), ETA: 0:00:11, Rate: 2456.2 cps, Current: -86, 1
[18:02:19] [Server thread/INFO]: [Chunky] Task running for minecraft:overworld. Processed: 40011 chunks (60.58%), ETA: 0:00:10, Rate: 2432.0 cps, Current: -85, 88
[18:02:20] [Server thread/INFO]: [Chunky] Task running for minecraft:overworld. Processed: 42548 chunks (64.42%), ETA: 0:00:09, Rate: 2437.9 cps, Current: -26, 104
[18:02:21] [Server thread/INFO]: [Chunky] Task running for minecraft:overworld. Processed: 44563 chunks (67.47%), ETA: 0:00:08, Rate: 2414.7 cps, Current: 52, 95
[18:02:22] [Server thread/INFO]: [Chunky] Task running for minecraft:overworld. Processed: 47095 chunks (71.30%), ETA: 0:00:07, Rate: 2418.7 cps, Current: 117, 95
[18:02:23] [Server thread/INFO]: [Chunky] Task running for minecraft:overworld. Processed: 49381 chunks (74.76%), ETA: 0:00:06, Rate: 2401.0 cps, Current: 66, -124
[18:02:24] [Server thread/INFO]: [Chunky] Task running for minecraft:overworld. Processed: 51677 chunks (78.24%), ETA: 0:00:05, Rate: 2395.9 cps, Current: -28, -95
[18:02:25] [Server thread/INFO]: [Chunky] Task running for minecraft:overworld. Processed: 54820 chunks (83.00%), ETA: 0:00:04, Rate: 2428.9 cps, Current: -118, -107
[18:02:26] [Server thread/INFO]: [Chunky] Task running for minecraft:overworld. Processed: 57373 chunks (86.86%), ETA: 0:00:03, Rate: 2432.5 cps, Current: -115, -122
[18:02:27] [Server thread/INFO]: [Chunky] Task running for minecraft:overworld. Processed: 59566 chunks (90.18%), ETA: 0:00:02, Rate: 2420.4 cps, Current: -94, 41
[18:02:28] [Server thread/INFO]: [Chunky] Task running for minecraft:overworld. Processed: 62374 chunks (94.44%), ETA: 0:00:01, Rate: 2435.3 cps, Current: -107, 97
[18:02:29] [Server thread/INFO]: [Chunky] Task running for minecraft:overworld. Processed: 63808 chunks (96.61%), ETA: 0:00:00, Rate: 2397.6 cps, Current: -89, 128
[18:02:30] [Server thread/INFO]: [Chunky] Task running for minecraft:overworld. Processed: 65113 chunks (98.58%), ETA: 0:00:00, Rate: 2357.5 cps, Current: -38, -127
[18:02:30] [Server thread/INFO]: [Chunky] Task finished for minecraft:overworld. Processed: 66049 chunks (100.00%), Total time: 0:00:28
[18:02:32] [Server thread/INFO]: Saving and pausing game...
[18:02:32] [Server thread/INFO]: Saving chunks for level 'ServerLevel[test]'/minecraft:overworld
[18:02:32] [Server thread/INFO]: Saving chunks for level 'ServerLevel[test]'/minecraft:the_nether
[18:02:32] [Server thread/INFO]: Saving chunks for level 'ServerLevel[test]'/minecraft:the_end
[18:02:33] [Server thread/INFO]: 64KB_SDCard lost connection: Disconnected
[18:02:33] [Server thread/INFO]: 64KB_SDCard left the game
[18:02:33] [Server thread/INFO]: Stopping singleplayer server as player logged out
[18:02:33] [Server thread/INFO]: Stopping server
[18:02:33] [Server thread/INFO]: Saving players
[18:02:33] [Server thread/INFO]: Saving worlds
[18:02:33] [Server thread/INFO]: ServerLevel[test]/minecraft:overworld: waiting for 7921 chunks to unload
[18:02:33] [Server thread/INFO]: Saving chunks for level 'ServerLevel[test]'/minecraft:overworld
[18:02:34] [Server thread/INFO]: Saving chunks for level 'ServerLevel[test]'/minecraft:the_nether
[18:02:34] [Server thread/INFO]: Saving chunks for level 'ServerLevel[test]'/minecraft:the_end
[18:02:34] [Server thread/INFO]: ThreadedAnvilChunkStorage (test): All chunks are saved
[18:02:34] [Server thread/INFO]: ThreadedAnvilChunkStorage (DIM-1): All chunks are saved
[18:02:34] [Server thread/INFO]: ThreadedAnvilChunkStorage (DIM1): All chunks are saved
[18:02:34] [Server thread/INFO]: ThreadedAnvilChunkStorage: All dimensions are saved
[18:02:34] [C2ME Storage #3/INFO]: Storage thread Thread[#165,C2ME Storage #3,4,main] stopped
[18:02:34] [C2ME Storage #2/INFO]: Storage thread Thread[#164,C2ME Storage #2,4,main] stopped
[18:02:34] [Server thread/INFO]: Released program for minecraft:overworld for device OpenCL Device NVIDIA GeForce RTX 4080 SUPER (aa115117-7599-6792-c7c3-8b16708567f2)
[18:02:34] [C2ME Storage #1/INFO]: Storage thread Thread[#163,C2ME Storage #1,4,main] stopped
[18:02:34] [C2ME Storage #6/INFO]: Storage thread Thread[#231,C2ME Storage #6,4,main] stopped
[18:02:34] [C2ME Storage #5/INFO]: Storage thread Thread[#230,C2ME Storage #5,4,main] stopped
[18:02:34] [Server thread/INFO]: Released program for minecraft:the_nether for device OpenCL Device NVIDIA GeForce RTX 4080 SUPER (aa115117-7599-6792-c7c3-8b16708567f2)
[18:02:34] [C2ME Storage #4/INFO]: Storage thread Thread[#229,C2ME Storage #4,4,main] stopped
[18:02:34] [C2ME Storage #9/INFO]: Storage thread Thread[#234,C2ME Storage #9,4,main] stopped
[18:02:34] [C2ME Storage #8/INFO]: Storage thread Thread[#233,C2ME Storage #8,4,main] stopped
[18:02:34] [Server thread/INFO]: Released program for minecraft:the_end for device OpenCL Device NVIDIA GeForce RTX 4080 SUPER (aa115117-7599-6792-c7c3-8b16708567f2)
[18:02:34] [C2ME Storage #7/INFO]: Storage thread Thread[#232,C2ME Storage #7,4,main] stopped
[18:02:34] [Server thread/INFO]: Closing OpenCL Device NVIDIA GeForce RTX 4080 SUPER (aa115117-7599-6792-c7c3-8b16708567f2)
[18:02:35] [Render thread/INFO]: Stopping!
